reports/org-jetbrains-kotlinx/0-6-2-to-0-8-0/run-26315089701/phase1/before/shared/build/outputs/logs/manifest-merger-release-report.txt
-- Merging decision tree log ---
manifest
ADDED from src/androidMain/AndroidManifest.xml:2:1-13
INJECTED from src/androidMain/AndroidManifest.xml:2:1-13
	package
		INJECTED from src/androidMain/AndroidManifest.xml
uses-sdk
INJECTED from src/androidMain/AndroidManifest.xml reason: use-sdk injection requested
INJECTED from src/androidMain/AndroidManifest.xml
INJECTED from src/androidMain/AndroidManifest.xml
	android:targetSdkVersion
		INJECTED from src/androidMain/AndroidManifest.xml
	android:minSdkVersion
		INJECTED from src/androidMain/AndroidManifest.xml